c:\users\13247\desktop\sdu-a627-workforiae\project16\sm2_sign_tcp\sm2_sign_tcp\x64\debug\vc143.pdb
c:\users\13247\desktop\sdu-a627-workforiae\project16\sm2_sign_tcp\sm2_sign_tcp\x64\debug\vc143.idb
c:\users\13247\desktop\sdu-a627-workforiae\project16\sm2_sign_tcp\sm2_sign_tcp\x64\debug\mrio2.obj
c:\users\13247\desktop\sdu-a627-workforiae\project16\sm2_sign_tcp\sm2_sign_tcp\x64\debug\mrio1.obj
c:\users\13247\desktop\sdu-a627-workforiae\project16\sm2_sign_tcp\sm2_sign_tcp\x64\debug\mrgf2m.obj
c:\users\13247\desktop\sdu-a627-workforiae\project16\sm2_sign_tcp\sm2_sign_tcp\x64\debug\mrgcm.obj
c:\users\13247\desktop\sdu-a627-workforiae\project16\sm2_sign_tcp\sm2_sign_tcp\x64\debug\mrgcd.obj
c:\users\13247\desktop\sdu-a627-workforiae\project16\sm2_sign_tcp\sm2_sign_tcp\x64\debug\mrfast.obj
c:\users\13247\desktop\sdu-a627-workforiae\project16\sm2_sign_tcp\sm2_sign_tcp\x64\debug\mrecn2.obj
c:\users\13247\desktop\sdu-a627-workforiae\project16\sm2_sign_tcp\sm2_sign_tcp\x64\debug\mrec2m.obj
c:\users\13247\desktop\sdu-a627-workforiae\project16\sm2_sign_tcp\sm2_sign_tcp\x64\debug\mrebrick.obj
c:\users\13247\desktop\sdu-a627-workforiae\project16\sm2_sign_tcp\sm2_sign_tcp\x64\debug\mrcurve.obj
c:\users\13247\desktop\sdu-a627-workforiae\project16\sm2_sign_tcp\sm2_sign_tcp\x64\debug\mrcrt.obj
c:\users\13247\desktop\sdu-a627-workforiae\project16\sm2_sign_tcp\sm2_sign_tcp\x64\debug\mrcore.obj
c:\users\13247\desktop\sdu-a627-workforiae\project16\sm2_sign_tcp\sm2_sign_tcp\x64\debug\mrbrick.obj
c:\users\13247\desktop\sdu-a627-workforiae\project16\sm2_sign_tcp\sm2_sign_tcp\x64\debug\mrbits.obj
c:\users\13247\desktop\sdu-a627-workforiae\project16\sm2_sign_tcp\sm2_sign_tcp\x64\debug\mrarth3.obj
c:\users\13247\desktop\sdu-a627-workforiae\project16\sm2_sign_tcp\sm2_sign_tcp\x64\debug\mrarth2.obj
c:\users\13247\desktop\sdu-a627-workforiae\project16\sm2_sign_tcp\sm2_sign_tcp\x64\debug\mrarth1.obj
c:\users\13247\desktop\sdu-a627-workforiae\project16\sm2_sign_tcp\sm2_sign_tcp\x64\debug\mrarth0.obj
c:\users\13247\desktop\sdu-a627-workforiae\project16\sm2_sign_tcp\sm2_sign_tcp\x64\debug\mralloc.obj
c:\users\13247\desktop\sdu-a627-workforiae\project16\sm2_sign_tcp\sm2_sign_tcp\x64\debug\mraes.obj
c:\users\13247\desktop\sdu-a627-workforiae\project16\sm2_sign_tcp\sm2_sign_tcp\x64\debug\tools.obj
c:\users\13247\desktop\sdu-a627-workforiae\project16\sm2_sign_tcp\sm2_sign_tcp\x64\debug\sm3.obj
c:\users\13247\desktop\sdu-a627-workforiae\project16\sm2_sign_tcp\sm2_sign_tcp\x64\debug\sm2.obj
c:\users\13247\desktop\sdu-a627-workforiae\project16\sm2_sign_tcp\sm2_sign_tcp\x64\debug\mrzzn3.obj
c:\users\13247\desktop\sdu-a627-workforiae\project16\sm2_sign_tcp\sm2_sign_tcp\x64\debug\mrzzn2b.obj
c:\users\13247\desktop\sdu-a627-workforiae\project16\sm2_sign_tcp\sm2_sign_tcp\x64\debug\mrzzn2.obj
c:\users\13247\desktop\sdu-a627-workforiae\project16\sm2_sign_tcp\sm2_sign_tcp\x64\debug\mrxgcd.obj
c:\users\13247\desktop\sdu-a627-workforiae\project16\sm2_sign_tcp\sm2_sign_tcp\x64\debug\mrstrong.obj
c:\users\13247\desktop\sdu-a627-workforiae\project16\sm2_sign_tcp\sm2_sign_tcp\x64\debug\mrsroot.obj
c:\users\13247\desktop\sdu-a627-workforiae\project16\sm2_sign_tcp\sm2_sign_tcp\x64\debug\mrsmall.obj
c:\users\13247\desktop\sdu-a627-workforiae\project16\sm2_sign_tcp\sm2_sign_tcp\x64\debug\mrshs512.obj
c:\users\13247\desktop\sdu-a627-workforiae\project16\sm2_sign_tcp\sm2_sign_tcp\x64\debug\mrshs256.obj
c:\users\13247\desktop\sdu-a627-workforiae\project16\sm2_sign_tcp\sm2_sign_tcp\x64\debug\mrshs.obj
c:\users\13247\desktop\sdu-a627-workforiae\project16\sm2_sign_tcp\sm2_sign_tcp\x64\debug\mrscrt.obj
c:\users\13247\desktop\sdu-a627-workforiae\project16\sm2_sign_tcp\sm2_sign_tcp\x64\debug\mrrand.obj
c:\users\13247\desktop\sdu-a627-workforiae\project16\sm2_sign_tcp\sm2_sign_tcp\x64\debug\mrprime.obj
c:\users\13247\desktop\sdu-a627-workforiae\project16\sm2_sign_tcp\sm2_sign_tcp\x64\debug\mrpower.obj
c:\users\13247\desktop\sdu-a627-workforiae\project16\sm2_sign_tcp\sm2_sign_tcp\x64\debug\mrmonty.obj
c:\users\13247\desktop\sdu-a627-workforiae\project16\sm2_sign_tcp\sm2_sign_tcp\x64\debug\mrlucas.obj
c:\users\13247\desktop\sdu-a627-workforiae\project16\sm2_sign_tcp\sm2_sign_tcp\x64\debug\mrjack.obj
c:\users\13247\desktop\sdu-a627-workforiae\project16\sm2_sign_tcp\sm2_sign_tcp\x64\debug\test.obj
c:\users\13247\desktop\sdu-a627-workforiae\project16\sm2_sign_tcp\x64\debug\sm2_sign_tcp.exe
c:\users\13247\desktop\sdu-a627-workforiae\project16\sm2_sign_tcp\sm2_sign_tcp\x64\debug\sm2_sign_tcp.tlog\cl.command.1.tlog
c:\users\13247\desktop\sdu-a627-workforiae\project16\sm2_sign_tcp\sm2_sign_tcp\x64\debug\sm2_sign_tcp.tlog\cl.read.1.tlog
c:\users\13247\desktop\sdu-a627-workforiae\project16\sm2_sign_tcp\sm2_sign_tcp\x64\debug\sm2_sign_tcp.tlog\cl.write.1.tlog
c:\users\13247\desktop\sdu-a627-workforiae\project16\sm2_sign_tcp\sm2_sign_tcp\x64\debug\sm2_sign_tcp.tlog\link.command.1.tlog
c:\users\13247\desktop\sdu-a627-workforiae\project16\sm2_sign_tcp\sm2_sign_tcp\x64\debug\sm2_sign_tcp.tlog\link.read.1.tlog
c:\users\13247\desktop\sdu-a627-workforiae\project16\sm2_sign_tcp\sm2_sign_tcp\x64\debug\sm2_sign_tcp.tlog\link.write.1.tlog
