c:\users\13247\desktop\sdu-a627-workforiae\project16\sm2_sign_tcp\sm2_sign_tcp\x64\release\vc143.pdb
c:\users\13247\desktop\sdu-a627-workforiae\project16\sm2_sign_tcp\sm2_sign_tcp\x64\release\mrio2.obj
c:\users\13247\desktop\sdu-a627-workforiae\project16\sm2_sign_tcp\sm2_sign_tcp\x64\release\mrio1.obj
c:\users\13247\desktop\sdu-a627-workforiae\project16\sm2_sign_tcp\sm2_sign_tcp\x64\release\mrgf2m.obj
c:\users\13247\desktop\sdu-a627-workforiae\project16\sm2_sign_tcp\sm2_sign_tcp\x64\release\mrgcm.obj
c:\users\13247\desktop\sdu-a627-workforiae\project16\sm2_sign_tcp\sm2_sign_tcp\x64\release\mrgcd.obj
c:\users\13247\desktop\sdu-a627-workforiae\project16\sm2_sign_tcp\sm2_sign_tcp\x64\release\mrfast.obj
c:\users\13247\desktop\sdu-a627-workforiae\project16\sm2_sign_tcp\sm2_sign_tcp\x64\release\mrecn2.obj
c:\users\13247\desktop\sdu-a627-workforiae\project16\sm2_sign_tcp\sm2_sign_tcp\x64\release\mrec2m.obj
c:\users\13247\desktop\sdu-a627-workforiae\project16\sm2_sign_tcp\sm2_sign_tcp\x64\release\mrebrick.obj
c:\users\13247\desktop\sdu-a627-workforiae\project16\sm2_sign_tcp\sm2_sign_tcp\x64\release\mrcurve.obj
c:\users\13247\desktop\sdu-a627-workforiae\project16\sm2_sign_tcp\sm2_sign_tcp\x64\release\mrcrt.obj
c:\users\13247\desktop\sdu-a627-workforiae\project16\sm2_sign_tcp\sm2_sign_tcp\x64\release\mrcore.obj
c:\users\13247\desktop\sdu-a627-workforiae\project16\sm2_sign_tcp\sm2_sign_tcp\x64\release\mrbrick.obj
c:\users\13247\desktop\sdu-a627-workforiae\project16\sm2_sign_tcp\sm2_sign_tcp\x64\release\mrbits.obj
c:\users\13247\desktop\sdu-a627-workforiae\project16\sm2_sign_tcp\sm2_sign_tcp\x64\release\mrarth3.obj
c:\users\13247\desktop\sdu-a627-workforiae\project16\sm2_sign_tcp\sm2_sign_tcp\x64\release\mrarth2.obj
c:\users\13247\desktop\sdu-a627-workforiae\project16\sm2_sign_tcp\sm2_sign_tcp\x64\release\mrarth1.obj
c:\users\13247\desktop\sdu-a627-workforiae\project16\sm2_sign_tcp\sm2_sign_tcp\x64\release\mrarth0.obj
c:\users\13247\desktop\sdu-a627-workforiae\project16\sm2_sign_tcp\sm2_sign_tcp\x64\release\mralloc.obj
c:\users\13247\desktop\sdu-a627-workforiae\project16\sm2_sign_tcp\sm2_sign_tcp\x64\release\mraes.obj
c:\users\13247\desktop\sdu-a627-workforiae\project16\sm2_sign_tcp\sm2_sign_tcp\x64\release\tools.obj
c:\users\13247\desktop\sdu-a627-workforiae\project16\sm2_sign_tcp\sm2_sign_tcp\x64\release\sm3.obj
c:\users\13247\desktop\sdu-a627-workforiae\project16\sm2_sign_tcp\sm2_sign_tcp\x64\release\sm2.obj
c:\users\13247\desktop\sdu-a627-workforiae\project16\sm2_sign_tcp\sm2_sign_tcp\x64\release\mrzzn3.obj
c:\users\13247\desktop\sdu-a627-workforiae\project16\sm2_sign_tcp\sm2_sign_tcp\x64\release\mrzzn2b.obj
c:\users\13247\desktop\sdu-a627-workforiae\project16\sm2_sign_tcp\sm2_sign_tcp\x64\release\mrzzn2.obj
c:\users\13247\desktop\sdu-a627-workforiae\project16\sm2_sign_tcp\sm2_sign_tcp\x64\release\mrxgcd.obj
c:\users\13247\desktop\sdu-a627-workforiae\project16\sm2_sign_tcp\sm2_sign_tcp\x64\release\mrstrong.obj
c:\users\13247\desktop\sdu-a627-workforiae\project16\sm2_sign_tcp\sm2_sign_tcp\x64\release\mrsroot.obj
c:\users\13247\desktop\sdu-a627-workforiae\project16\sm2_sign_tcp\sm2_sign_tcp\x64\release\mrsmall.obj
c:\users\13247\desktop\sdu-a627-workforiae\project16\sm2_sign_tcp\sm2_sign_tcp\x64\release\mrshs512.obj
c:\users\13247\desktop\sdu-a627-workforiae\project16\sm2_sign_tcp\sm2_sign_tcp\x64\release\mrshs256.obj
c:\users\13247\desktop\sdu-a627-workforiae\project16\sm2_sign_tcp\sm2_sign_tcp\x64\release\mrshs.obj
c:\users\13247\desktop\sdu-a627-workforiae\project16\sm2_sign_tcp\sm2_sign_tcp\x64\release\mrscrt.obj
c:\users\13247\desktop\sdu-a627-workforiae\project16\sm2_sign_tcp\sm2_sign_tcp\x64\release\mrrand.obj
c:\users\13247\desktop\sdu-a627-workforiae\project16\sm2_sign_tcp\sm2_sign_tcp\x64\release\mrprime.obj
c:\users\13247\desktop\sdu-a627-workforiae\project16\sm2_sign_tcp\sm2_sign_tcp\x64\release\mrpower.obj
c:\users\13247\desktop\sdu-a627-workforiae\project16\sm2_sign_tcp\sm2_sign_tcp\x64\release\mrmonty.obj
c:\users\13247\desktop\sdu-a627-workforiae\project16\sm2_sign_tcp\sm2_sign_tcp\x64\release\mrlucas.obj
c:\users\13247\desktop\sdu-a627-workforiae\project16\sm2_sign_tcp\sm2_sign_tcp\x64\release\mrjack.obj
c:\users\13247\desktop\sdu-a627-workforiae\project16\sm2_sign_tcp\sm2_sign_tcp\x64\release\test.obj
c:\users\13247\desktop\sdu-a627-workforiae\project16\sm2_sign_tcp\x64\release\sm2_sign_tcp.exe
c:\users\13247\desktop\sdu-a627-workforiae\project16\sm2_sign_tcp\sm2_sign_tcp\x64\release\sm2_sign_tcp.ipdb
c:\users\13247\desktop\sdu-a627-workforiae\project16\sm2_sign_tcp\x64\release\sm2_sign_tcp.pdb
c:\users\13247\desktop\sdu-a627-workforiae\project16\sm2_sign_tcp\sm2_sign_tcp\x64\release\sm2_sign_tcp.iobj
c:\users\13247\desktop\sdu-a627-workforiae\project16\sm2_sign_tcp\sm2_sign_tcp\x64\release\sm2_sign_tcp.tlog\cl.command.1.tlog
c:\users\13247\desktop\sdu-a627-workforiae\project16\sm2_sign_tcp\sm2_sign_tcp\x64\release\sm2_sign_tcp.tlog\cl.read.1.tlog
c:\users\13247\desktop\sdu-a627-workforiae\project16\sm2_sign_tcp\sm2_sign_tcp\x64\release\sm2_sign_tcp.tlog\cl.write.1.tlog
c:\users\13247\desktop\sdu-a627-workforiae\project16\sm2_sign_tcp\sm2_sign_tcp\x64\release\sm2_sign_tcp.tlog\link.command.1.tlog
c:\users\13247\desktop\sdu-a627-workforiae\project16\sm2_sign_tcp\sm2_sign_tcp\x64\release\sm2_sign_tcp.tlog\link.read.1.tlog
c:\users\13247\desktop\sdu-a627-workforiae\project16\sm2_sign_tcp\sm2_sign_tcp\x64\release\sm2_sign_tcp.tlog\link.write.1.tlog
